 27-08-2023 16:38:12:787 [pid=40151 tid=40151] ERROR  0:140 unable to load,  liburcu-bp.so.6 

 27-08-2023 16:38:12:788 [pid=40151 tid=40151] ERROR  0:140 unable to load,  liburcu-bp.so.1 

 27-08-2023 16:38:12:788 [pid=40151 tid=40151] WARN   0:172 failed to open /proc/driver/nvidia-fs/devcount  error: No such file or directory
 27-08-2023 16:38:12:788 [pid=40151 tid=40151] NOTICE  cufio-drv:720 running in compatible mode
 27-08-2023 16:38:12:936 [pid=40151 tid=40151] ERROR  0:140 unable to load,  libnuma.so.1.0.0 

 27-08-2023 16:38:12:936 [pid=40151 tid=40151] ERROR  0:91 dlopen error libnuma.so.1.0.0: cannot open shared object file: No such file or directory
 27-08-2023 16:38:30:27 [pid=40175 tid=40175] ERROR  0:140 unable to load,  liburcu-bp.so.6 

 27-08-2023 16:38:30:27 [pid=40175 tid=40175] ERROR  0:140 unable to load,  liburcu-bp.so.1 

 27-08-2023 16:38:30:27 [pid=40175 tid=40175] WARN   0:172 failed to open /proc/driver/nvidia-fs/devcount  error: No such file or directory
 27-08-2023 16:38:30:27 [pid=40175 tid=40175] NOTICE  cufio-drv:720 running in compatible mode
 27-08-2023 16:38:30:175 [pid=40175 tid=40175] ERROR  0:140 unable to load,  libnuma.so.1.0.0 

 27-08-2023 16:38:30:176 [pid=40175 tid=40175] ERROR  0:91 dlopen error libnuma.so.1.0.0: cannot open shared object file: No such file or directory
 27-08-2023 16:38:45:278 [pid=40200 tid=40200] ERROR  0:140 unable to load,  liburcu-bp.so.6 

 27-08-2023 16:38:45:279 [pid=40200 tid=40200] ERROR  0:140 unable to load,  liburcu-bp.so.1 

 27-08-2023 16:38:45:279 [pid=40200 tid=40200] WARN   0:172 failed to open /proc/driver/nvidia-fs/devcount  error: No such file or directory
 27-08-2023 16:38:45:279 [pid=40200 tid=40200] NOTICE  cufio-drv:720 running in compatible mode
 27-08-2023 16:38:45:426 [pid=40200 tid=40200] ERROR  0:140 unable to load,  libnuma.so.1.0.0 

 27-08-2023 16:38:45:426 [pid=40200 tid=40200] ERROR  0:91 dlopen error libnuma.so.1.0.0: cannot open shared object file: No such file or directory
 27-08-2023 16:38:57:114 [pid=40222 tid=40222] ERROR  0:140 unable to load,  liburcu-bp.so.6 

 27-08-2023 16:38:57:114 [pid=40222 tid=40222] ERROR  0:140 unable to load,  liburcu-bp.so.1 

 27-08-2023 16:38:57:114 [pid=40222 tid=40222] WARN   0:172 failed to open /proc/driver/nvidia-fs/devcount  error: No such file or directory
 27-08-2023 16:38:57:114 [pid=40222 tid=40222] NOTICE  cufio-drv:720 running in compatible mode
 27-08-2023 16:38:57:268 [pid=40222 tid=40222] ERROR  0:140 unable to load,  libnuma.so.1.0.0 

 27-08-2023 16:38:57:268 [pid=40222 tid=40222] ERROR  0:91 dlopen error libnuma.so.1.0.0: cannot open shared object file: No such file or directory
 27-08-2023 16:47:13:256 [pid=40610 tid=40610] ERROR  0:140 unable to load,  liburcu-bp.so.6 

 27-08-2023 16:47:13:256 [pid=40610 tid=40610] ERROR  0:140 unable to load,  liburcu-bp.so.1 

 27-08-2023 16:47:13:256 [pid=40610 tid=40610] WARN   0:172 failed to open /proc/driver/nvidia-fs/devcount  error: No such file or directory
 27-08-2023 16:47:13:256 [pid=40610 tid=40610] NOTICE  cufio-drv:720 running in compatible mode
 27-08-2023 16:47:13:405 [pid=40610 tid=40610] ERROR  0:140 unable to load,  libnuma.so.1.0.0 

 27-08-2023 16:47:13:405 [pid=40610 tid=40610] ERROR  0:91 dlopen error libnuma.so.1.0.0: cannot open shared object file: No such file or directory
